<?xml version="1.0" encoding="UTF-8"?>
<!-- Generated by org.testng.reporters.JUnitXMLReporter -->
<testsuite ignored="10" hostname="ip-10-20-20-104.ap-south-1.compute.internal" failures="0" tests="1" name="Test" time="15.236" errors="0" timestamp="2024-10-22T11:41:52 IST">
  <testcase classname="enterpriseSaveinTest.CorporateTest_Merchant" name="LoginTest" time="8.675"/>
  <testcase classname="enterpriseSaveinTest.CorporateTest_Merchant" name="MerchantTransctionDetailViewTest" time="0.0">
    <ignored/>
  </testcase> <!-- MerchantTransctionDetailViewTest -->
  <testcase classname="enterpriseSaveinTest.CorporateTest_Merchant" name="MerchantGSTinvoiceTest" time="0.0">
    <ignored/>
  </testcase> <!-- MerchantGSTinvoiceTest -->
  <testcase classname="enterpriseSaveinTest.CorporateTest_Merchant" name="merchantMyProfileTest" time="0.0">
    <ignored/>
  </testcase> <!-- merchantMyProfileTest -->
  <testcase classname="enterpriseSaveinTest.CorporateTest_Merchant" name="merchantCustomerTest" time="0.0">
    <ignored/>
  </testcase> <!-- merchantCustomerTest -->
  <testcase classname="enterpriseSaveinTest.CorporateTest_Merchant" name="MerchantContactusDetailsTest" time="0.0">
    <ignored/>
  </testcase> <!-- MerchantContactusDetailsTest -->
  <testcase classname="enterpriseSaveinTest.CorporateTest_Merchant" name="homeTest" time="0.0">
    <ignored/>
  </testcase> <!-- homeTest -->
  <testcase classname="enterpriseSaveinTest.CorporateTest_Merchant" name="merchantLogoutTest" time="0.0">
    <ignored/>
  </testcase> <!-- merchantLogoutTest -->
  <testcase classname="enterpriseSaveinTest.CorporateTest_Merchant" name="MerchantAccountMangementTest" time="0.0">
    <ignored/>
  </testcase> <!-- MerchantAccountMangementTest -->
  <testcase classname="enterpriseSaveinTest.CorporateTest_Merchant" name="MerchantLeadXDetailsTest" time="0.0">
    <ignored/>
  </testcase> <!-- MerchantLeadXDetailsTest -->
  <testcase classname="enterpriseSaveinTest.CorporateTest_Merchant" name="newApplicationTest" time="0.0">
    <ignored/>
  </testcase> <!-- newApplicationTest -->
</testsuite> <!-- Test -->
