<?xml version="1.0" encoding="UTF-8"?>
<testng-results ignored="10" total="11" passed="1" failed="0" skipped="0">
  <reporter-output>
  </reporter-output>
  <suite started-at="2024-10-22T11:41:36 IST" name="Suite" finished-at="2024-10-22T11:41:51 IST" duration-ms="15236">
    <groups>
    </groups>
    <test started-at="2024-10-22T11:41:36 IST" name="Test" finished-at="2024-10-22T11:41:51 IST" duration-ms="15236">
      <class name="enterpriseSaveinTest.CorporateTest_Merchant">
        <test-method is-config="true" signature="setup(java.lang.String)[pri:0, instance:enterpriseSaveinTest.CorporateTest_Merchant@126be319]" started-at="2024-10-22T11:41:37 IST" name="setup" finished-at="2024-10-22T11:41:41 IST" duration-ms="4516" status="PASS">
          <params>
            <param index="0">
              <value>
                <![CDATA[chrome]]>
              </value>
            </param>
          </params>
          <reporter-output>
          </reporter-output>
        </test-method> <!-- setup -->
        <test-method signature="LoginTest()[pri:0, instance:enterpriseSaveinTest.CorporateTest_Merchant@126be319]" started-at="2024-10-22T11:41:41 IST" name="LoginTest" finished-at="2024-10-22T11:41:50 IST" duration-ms="8675" status="PASS">
          <reporter-output>
          </reporter-output>
        </test-method> <!-- LoginTest -->
        <test-method is-config="true" signature="teardown()[pri:0, instance:enterpriseSaveinTest.CorporateTest_Merchant@126be319]" started-at="2024-10-22T11:41:50 IST" name="teardown" finished-at="2024-10-22T11:41:51 IST" duration-ms="1278" status="PASS">
          <reporter-output>
          </reporter-output>
        </test-method> <!-- teardown -->
      </class> <!-- enterpriseSaveinTest.CorporateTest_Merchant -->
    </test> <!-- Test -->
  </suite> <!-- Suite -->
</testng-results>
